<?xml version="1.0" encoding="UTF-8"?>
<testsuite name="test_singleton_pattern_tests.SingletonTestCases-20220427173129" tests="4" file="test_singleton_pattern_tests.py" time="0.007" timestamp="2022-04-27T17:31:30" failures="0" errors="0" skipped="0">
	<testcase classname="test_singleton_pattern_tests.SingletonTestCases" name="test_appointments_store_singleton" time="0.007" timestamp="2022-04-27T17:31:30"/>
	<testcase classname="test_singleton_pattern_tests.SingletonTestCases" name="test_patients_json_store_singleton" time="0.000" timestamp="2022-04-27T17:31:30"/>
	<testcase classname="test_singleton_pattern_tests.SingletonTestCases" name="test_vaccination_json_store_singleton" time="0.000" timestamp="2022-04-27T17:31:30"/>
	<testcase classname="test_singleton_pattern_tests.SingletonTestCases" name="test_vaccine_manager_singleton" time="0.000" timestamp="2022-04-27T17:31:30"/>
</testsuite>
