<?xml version="1.0" encoding="UTF-8"?>
<testsuite name="test_vaccine_patient_tests.TestVaccinePatient-20220430163410" tests="6" file="test_vaccine_patient_tests.py" time="0.082" timestamp="2022-04-30T16:34:11" failures="0" errors="0" skipped="1">
	<testcase classname="test_vaccine_patient_tests.TestVaccinePatient" name="test_vaccine_patient_bad_date_signature" time="0.014" timestamp="2022-04-30T16:34:11"/>
	<testcase classname="test_vaccine_patient_tests.TestVaccinePatient" name="test_vaccine_patient_no_date" time="0.015" timestamp="2022-04-30T16:34:11"/>
	<testcase classname="test_vaccine_patient_tests.TestVaccinePatient" name="test_vaccine_patient_not_found_date_signature" time="0.015" timestamp="2022-04-30T16:34:11"/>
	<testcase classname="test_vaccine_patient_tests.TestVaccinePatient" name="test_vaccine_patient_ok" time="0.024" timestamp="2022-04-30T16:34:11"/>
	<testcase classname="test_vaccine_patient_tests.TestVaccinePatient" name="test_vaccine_patient_store_date_is_empty" time="0.012" timestamp="2022-04-30T16:34:11"/>
	<testcase classname="test_vaccine_patient_tests.TestVaccinePatient" name="test_vaccine_patient_no_store_date" time="0.001" timestamp="2022-04-30T16:34:11">
		<skipped type="skip" message="No longer necessary"/>
	</testcase>
</testsuite>
